{
  "stats": {
    "suites": 1,
    "tests": 7,
    "passes": 7,
    "pending": 0,
    "failures": 0,
    "start": "2017-12-04T08:46:22.715Z",
    "end": "2017-12-04T08:46:38.045Z",
    "duration": 15330,
    "testsRegistered": 7,
    "passPercent": 100,
    "pendingPercent": 0,
    "other": 0,
    "hasOther": false,
    "skipped": 0,
    "hasSkipped": false,
    "passPercentClass": "success",
    "pendingPercentClass": "danger"
  },
  "suites": {
    "uuid": "d01c971c-2648-4748-8f12-ff542e18a846",
    "title": "",
    "fullFile": "",
    "file": "",
    "beforeHooks": [],
    "afterHooks": [],
    "tests": [],
    "suites": [
      {
        "uuid": "6aedc74b-8d29-4f95-ad42-85d5d1b19a11",
        "title": "Test Suite",
        "fullFile": "",
        "file": "",
        "beforeHooks": [
          {
            "title": "\"before all\" hook: Open Browser",
            "fullTitle": "Test Suite \"before all\" hook: Open Browser",
            "timedOut": false,
            "duration": 2193,
            "pass": false,
            "fail": false,
            "pending": false,
            "code": "page = await puppethelper.getPage(url, launchoptions)\nawait page.addScriptTag({\n    path: './tools/injects/scripts.js',\n})\nreturn 1",
            "err": {},
            "isRoot": false,
            "uuid": "07946725-2177-448f-97e8-eced9f32030c",
            "isHook": true,
            "skipped": false
          }
        ],
        "afterHooks": [
          {
            "title": "\"after all\" hook: Close Browser",
            "fullTitle": "Test Suite \"after all\" hook: Close Browser",
            "timedOut": false,
            "duration": 144,
            "pass": false,
            "fail": false,
            "pending": false,
            "code": "await puppethelper.close(page)\nreturn 1",
            "err": {},
            "isRoot": false,
            "uuid": "2941fe2c-287b-48d8-b878-232f18b6d1e3",
            "isHook": true,
            "skipped": false
          }
        ],
        "tests": [
          {
            "title": "testing Add 버튼을 클릭한다.",
            "fullTitle": "Test Suite testing Add 버튼을 클릭한다.",
            "timedOut": false,
            "duration": 1543,
            "state": "passed",
            "speed": "slow",
            "pass": true,
            "fail": false,
            "pending": false,
            "code": "if(isFailed) assert.fail('Failed :: Because previous test step Failed!')\nawait puppethelper.runAlone(page, run.xpath, run.to, run.comment, run.action)\nreturn 1",
            "err": {},
            "isRoot": false,
            "uuid": "9b5d89a5-88a7-4e32-b3b6-9b48e789d496",
            "isHook": false,
            "skipped": false
          },
          {
            "title": "testing New playlist 메뉴를 선택한다.",
            "fullTitle": "Test Suite testing New playlist 메뉴를 선택한다.",
            "timedOut": false,
            "duration": 1587,
            "state": "passed",
            "speed": "slow",
            "pass": true,
            "fail": false,
            "pending": false,
            "code": "if(isFailed) assert.fail('Failed :: Because previous test step Failed!')\nawait puppethelper.runAlone(page, run.xpath, run.to, run.comment, run.action)\nreturn 1",
            "err": {},
            "isRoot": false,
            "uuid": "fac20b10-5bff-4146-9967-e6be198e7ec9",
            "isHook": false,
            "skipped": false
          },
          {
            "title": "testing Playlist 이름을 rosatest로 입력한다",
            "fullTitle": "Test Suite testing Playlist 이름을 rosatest로 입력한다",
            "timedOut": false,
            "duration": 4015,
            "state": "passed",
            "speed": "slow",
            "pass": true,
            "fail": false,
            "pending": false,
            "code": "if(isFailed) assert.fail('Failed :: Because previous test step Failed!')\nawait puppethelper.runAlone(page, run.xpath, run.to, run.comment, run.action)\nreturn 1",
            "err": {},
            "isRoot": false,
            "uuid": "f992b7cb-b65e-48b2-9e52-3c648555e5d2",
            "isHook": false,
            "skipped": false
          },
          {
            "title": "testing Target Resolution을",
            "fullTitle": "Test Suite testing Target Resolution을",
            "timedOut": false,
            "duration": 1535,
            "state": "passed",
            "speed": "slow",
            "pass": true,
            "fail": false,
            "pending": false,
            "code": "if(isFailed) assert.fail('Failed :: Because previous test step Failed!')\nawait puppethelper.runAlone(page, run.xpath, run.to, run.comment, run.action)\nreturn 1",
            "err": {},
            "isRoot": false,
            "uuid": "2a686d4f-7830-44c1-9e11-f5ecd10bc498",
            "isHook": false,
            "skipped": false
          },
          {
            "title": "testing HD 가로로 선택한다",
            "fullTitle": "Test Suite testing HD 가로로 선택한다",
            "timedOut": false,
            "duration": 1535,
            "state": "passed",
            "speed": "slow",
            "pass": true,
            "fail": false,
            "pending": false,
            "code": "if(isFailed) assert.fail('Failed :: Because previous test step Failed!')\nawait puppethelper.runAlone(page, run.xpath, run.to, run.comment, run.action)\nreturn 1",
            "err": {},
            "isRoot": false,
            "uuid": "875d484c-47a4-45e0-8878-2d52efd7a15d",
            "isHook": false,
            "skipped": false
          },
          {
            "title": "testing CREATE 버튼을 클릭한다",
            "fullTitle": "Test Suite testing CREATE 버튼을 클릭한다",
            "timedOut": false,
            "duration": 1551,
            "state": "passed",
            "speed": "slow",
            "pass": true,
            "fail": false,
            "pending": false,
            "code": "if(isFailed) assert.fail('Failed :: Because previous test step Failed!')\nawait puppethelper.runAlone(page, run.xpath, run.to, run.comment, run.action)\nreturn 1",
            "err": {},
            "isRoot": false,
            "uuid": "de89ce72-8d02-4e60-8ecd-25edf03581ac",
            "isHook": false,
            "skipped": false
          },
          {
            "title": "testing Playlist 페이지가 나타난다",
            "fullTitle": "Test Suite testing Playlist 페이지가 나타난다",
            "timedOut": false,
            "duration": 1208,
            "state": "passed",
            "speed": "slow",
            "pass": true,
            "fail": false,
            "pending": false,
            "code": "if(isFailed) assert.fail('Failed :: Because previous test step Failed!')\nawait puppethelper.runAlone(page, run.xpath, run.to, run.comment, run.action)\nreturn 1",
            "err": {},
            "isRoot": false,
            "uuid": "3fe1e043-245d-4578-9c9d-c85e7eb9c675",
            "isHook": false,
            "skipped": false
          }
        ],
        "suites": [],
        "passes": [
          "9b5d89a5-88a7-4e32-b3b6-9b48e789d496",
          "fac20b10-5bff-4146-9967-e6be198e7ec9",
          "f992b7cb-b65e-48b2-9e52-3c648555e5d2",
          "2a686d4f-7830-44c1-9e11-f5ecd10bc498",
          "875d484c-47a4-45e0-8878-2d52efd7a15d",
          "de89ce72-8d02-4e60-8ecd-25edf03581ac",
          "3fe1e043-245d-4578-9c9d-c85e7eb9c675"
        ],
        "failures": [],
        "pending": [],
        "skipped": [],
        "duration": 12974,
        "root": false,
        "rootEmpty": false,
        "_timeout": 500000
      }
    ],
    "passes": [],
    "failures": [],
    "pending": [],
    "skipped": [],
    "duration": 0,
    "root": true,
    "rootEmpty": true,
    "_timeout": 500000
  },
  "copyrightYear": 2017
}